2025-11-28T02:06:34:    ▲ Next.js 16.0.3
2025-11-28T02:06:34:    - Local:         http://localhost:3030
2025-11-28T02:06:34:    - Network:       http://72.61.110.69:3030
2025-11-28T02:06:34: 
2025-11-28T02:06:34:  ✓ Starting...
2025-11-28T02:06:34:  ✓ Ready in 497ms
2025-11-28T02:16:27: Error fetching property: Error: API request failed: Not Found
    at g (.next/server/chunks/ssr/_65f83d46._.js:6:7441)
    at async i (.next/server/chunks/ssr/_65f83d46._.js:6:7682)
    at async n (.next/server/chunks/ssr/_65f83d46._.js:6:7969)
2025-11-28T02:20:55:    ▲ Next.js 16.0.3
2025-11-28T02:20:55:    - Local:         http://localhost:3030
2025-11-28T02:20:55:    - Network:       http://72.61.110.69:3030
2025-11-28T02:20:55: 
2025-11-28T02:20:55:  ✓ Starting...
2025-11-28T02:20:56:  ✓ Ready in 595ms
2025-11-28T02:39:16:    ▲ Next.js 16.0.3
2025-11-28T02:39:16:    - Local:         http://localhost:3030
2025-11-28T02:39:16:    - Network:       http://72.61.110.69:3030
2025-11-28T02:39:16: 
2025-11-28T02:39:16:  ✓ Starting...
2025-11-28T02:39:17:  ✓ Ready in 535ms
2025-11-28T02:47:27:    ▲ Next.js 16.0.3
2025-11-28T02:47:27:    - Local:         http://localhost:3030
2025-11-28T02:47:27:    - Network:       http://72.61.110.69:3030
2025-11-28T02:47:27: 
2025-11-28T02:47:27:  ✓ Starting...
2025-11-28T02:47:27:  ✓ Ready in 542ms
2025-11-28T02:56:55:    ▲ Next.js 16.0.3
2025-11-28T02:56:55:    - Local:         http://localhost:3030
2025-11-28T02:56:55:    - Network:       http://72.61.110.69:3030
2025-11-28T02:56:55: 
2025-11-28T02:56:55:  ✓ Starting...
2025-11-28T02:56:56:  ✓ Ready in 582ms
2025-11-28T03:18:08:    ▲ Next.js 16.0.3
2025-11-28T03:18:08:    - Local:         http://localhost:3030
2025-11-28T03:18:08:    - Network:       http://72.61.110.69:3030
2025-11-28T03:18:08: 
2025-11-28T03:18:08:  ✓ Starting...
2025-11-28T03:18:08:  ✓ Ready in 547ms
2025-11-28T03:37:53:    ▲ Next.js 16.0.3
2025-11-28T03:37:53:    - Local:         http://localhost:3030
2025-11-28T03:37:53:    - Network:       http://72.61.110.69:3030
2025-11-28T03:37:53: 
2025-11-28T03:37:53:  ✓ Starting...
2025-11-28T03:37:54:  ✓ Ready in 563ms
2025-11-28T03:41:51:    ▲ Next.js 16.0.3
2025-11-28T03:41:51:    - Local:         http://localhost:3030
2025-11-28T03:41:51:    - Network:       http://72.61.110.69:3030
2025-11-28T03:41:51: 
2025-11-28T03:41:51:  ✓ Starting...
2025-11-28T03:41:51:  ✓ Ready in 558ms
2025-11-28T03:42:28:  ⨯ The requested resource isn't a valid image for /placeholder-agent.jpg received null
2025-11-28T04:03:52:  ⨯ The requested resource isn't a valid image for /placeholder-agent.jpg received null
2025-11-28T04:18:21:  ⨯ The requested resource isn't a valid image for /placeholder-agent.jpg received null
2025-11-28T04:19:42:  ⨯ The requested resource isn't a valid image for /placeholder-agent.jpg received null
2025-11-28T04:24:46:  ⨯ The requested resource isn't a valid image for /placeholder-agent.jpg received null
2025-11-28T04:27:20:    ▲ Next.js 16.0.3
2025-11-28T04:27:20:    - Local:         http://localhost:3030
2025-11-28T04:27:20:    - Network:       http://72.61.110.69:3030
2025-11-28T04:27:20: 
2025-11-28T04:27:20:  ✓ Starting...
2025-11-28T04:27:21:  ✓ Ready in 560ms
2025-11-28T04:27:36:  ⨯ The requested resource isn't a valid image for /placeholder-agent.jpg received null
2025-11-28T04:45:59:    ▲ Next.js 16.0.3
2025-11-28T04:45:59:    - Local:         http://localhost:3030
2025-11-28T04:45:59:    - Network:       http://72.61.110.69:3030
2025-11-28T04:45:59: 
2025-11-28T04:45:59:  ✓ Starting...
2025-11-28T04:45:59:  ✓ Ready in 498ms
2025-11-28T04:47:19:  ⨯ The requested resource isn't a valid image for /placeholder-agent.jpg received null
2025-11-28T04:48:08:  ⨯ The requested resource isn't a valid image for /placeholder-agent.jpg received null
2025-11-28T04:48:41:  ⨯ The requested resource isn't a valid image for /placeholder-agent.jpg received null
2025-11-28T04:56:57:  ⨯ The requested resource isn't a valid image for /placeholder-agent.jpg received null
2025-11-28T04:58:54:    ▲ Next.js 16.0.3
2025-11-28T04:58:54:    - Local:         http://localhost:3030
2025-11-28T04:58:54:    - Network:       http://72.61.110.69:3030
2025-11-28T04:58:54: 
2025-11-28T04:58:54:  ✓ Starting...
2025-11-28T04:58:54:  ✓ Ready in 492ms
2025-11-28T05:04:51:    ▲ Next.js 16.0.3
2025-11-28T05:04:51:    - Local:         http://localhost:3030
2025-11-28T05:04:51:    - Network:       http://72.61.110.69:3030
2025-11-28T05:04:51: 
2025-11-28T05:04:51:  ✓ Starting...
2025-11-28T05:04:52:  ✓ Ready in 533ms
2025-11-28T05:05:10:  ⨯ The requested resource isn't a valid image for /placeholder-agent.jpg received null
2025-11-28T05:05:38:  ⨯ The requested resource isn't a valid image for /placeholder-agent.jpg received null
2025-11-28T05:08:18:    ▲ Next.js 16.0.3
2025-11-28T05:08:18:    - Local:         http://localhost:3030
2025-11-28T05:08:18:    - Network:       http://72.61.110.69:3030
2025-11-28T05:08:18: 
2025-11-28T05:08:18:  ✓ Starting...
2025-11-28T05:08:18:  ✓ Ready in 562ms
2025-11-28T05:08:44:  ⨯ The requested resource isn't a valid image for /placeholder-agent.jpg received null
2025-11-28T05:09:59:  ⨯ The requested resource isn't a valid image for /placeholder-agent.jpg received null
2025-11-28T05:10:08:    ▲ Next.js 16.0.3
2025-11-28T05:10:08:    - Local:         http://localhost:3030
2025-11-28T05:10:08:    - Network:       http://72.61.110.69:3030
2025-11-28T05:10:08: 
2025-11-28T05:10:08:  ✓ Starting...
2025-11-28T05:10:08:  ✓ Ready in 584ms
2025-11-28T05:10:23:  ⨯ The requested resource isn't a valid image for /placeholder-agent.jpg received null
2025-11-28T05:10:46:  ⨯ The requested resource isn't a valid image for /placeholder-agent.jpg received null
2025-11-28T05:12:24:    ▲ Next.js 16.0.3
2025-11-28T05:12:24:    - Local:         http://localhost:3030
2025-11-28T05:12:24:    - Network:       http://72.61.110.69:3030
2025-11-28T05:12:24: 
2025-11-28T05:12:24:  ✓ Starting...
2025-11-28T05:12:25:  ✓ Ready in 487ms
2025-11-28T05:12:35:  ⨯ The requested resource isn't a valid image for /placeholder-agent.jpg received null
2025-11-28T05:14:09:  ⨯ The requested resource isn't a valid image for /placeholder-agent.jpg received null
2025-11-28T05:16:01:  ⨯ The requested resource isn't a valid image for /placeholder-agent.jpg received null
2025-11-28T05:16:42:    ▲ Next.js 16.0.3
2025-11-28T05:16:42:    - Local:         http://localhost:3030
2025-11-28T05:16:42:    - Network:       http://72.61.110.69:3030
2025-11-28T05:16:42: 
2025-11-28T05:16:42:  ✓ Starting...
2025-11-28T05:16:43:  ✓ Ready in 600ms
2025-11-28T05:17:35:  ⨯ The requested resource isn't a valid image for /placeholder-agent.jpg received null
2025-11-28T05:17:50:  ⨯ The requested resource isn't a valid image for /placeholder-agent.jpg received null
2025-11-28T05:18:26:  ⨯ The requested resource isn't a valid image for /placeholder-agent.jpg received null
2025-11-28T05:21:20:  ⨯ The requested resource isn't a valid image for /placeholder-agent.jpg received null
2025-11-28T05:21:33:    ▲ Next.js 16.0.3
2025-11-28T05:21:33:    - Local:         http://localhost:3030
2025-11-28T05:21:33:    - Network:       http://72.61.110.69:3030
2025-11-28T05:21:33: 
2025-11-28T05:21:33:  ✓ Starting...
2025-11-28T05:21:33:  ✓ Ready in 509ms
2025-11-28T05:21:36:  ⨯ The requested resource isn't a valid image for /placeholder-agent.jpg received null
2025-11-28T05:21:49:  ⨯ The requested resource isn't a valid image for /placeholder-agent.jpg received null
2025-11-28T05:22:11:  ⨯ The requested resource isn't a valid image for /placeholder-agent.jpg received null
2025-11-28T05:22:23:  ⨯ The requested resource isn't a valid image for /placeholder-agent.jpg received null
2025-11-28T05:23:30:  ⨯ The requested resource isn't a valid image for /placeholder-agent.jpg received null
2025-11-28T05:24:13:    ▲ Next.js 16.0.3
2025-11-28T05:24:13:    - Local:         http://localhost:3030
2025-11-28T05:24:13:    - Network:       http://72.61.110.69:3030
2025-11-28T05:24:13: 
2025-11-28T05:24:13:  ✓ Starting...
2025-11-28T05:24:13:  ✓ Ready in 543ms
2025-11-28T05:24:38:  ⨯ The requested resource isn't a valid image for /placeholder-agent.jpg received null
2025-11-28T05:24:50:  ⨯ The requested resource isn't a valid image for /placeholder-agent.jpg received null
2025-11-28T05:26:50:  ⨯ The requested resource isn't a valid image for /placeholder-agent.jpg received null
2025-11-28T05:27:05:    ▲ Next.js 16.0.3
2025-11-28T05:27:05:    - Local:         http://localhost:3030
2025-11-28T05:27:05:    - Network:       http://72.61.110.69:3030
2025-11-28T05:27:05: 
2025-11-28T05:27:05:  ✓ Starting...
2025-11-28T05:27:06:  ✓ Ready in 485ms
2025-11-28T05:39:07:    ▲ Next.js 16.0.3
2025-11-28T05:39:07:    - Local:         http://localhost:3030
2025-11-28T05:39:07:    - Network:       http://72.61.110.69:3030
2025-11-28T05:39:07: 
2025-11-28T05:39:07:  ✓ Starting...
2025-11-28T05:39:08:  ✓ Ready in 497ms
2025-11-28T06:34:11:    ▲ Next.js 16.0.3
2025-11-28T06:34:11:    - Local:         http://localhost:3030
2025-11-28T06:34:11:    - Network:       http://72.61.110.69:3030
2025-11-28T06:34:11: 
2025-11-28T06:34:11:  ✓ Starting...
2025-11-28T06:34:11:  ✓ Ready in 462ms
2025-11-28T06:40:02:    ▲ Next.js 16.0.3
2025-11-28T06:40:02:    - Local:         http://localhost:3030
2025-11-28T06:40:02:    - Network:       http://72.61.110.69:3030
2025-11-28T06:40:02: 
2025-11-28T06:40:02:  ✓ Starting...
2025-11-28T06:40:03:  ✓ Ready in 519ms
2025-11-28T06:43:24:    ▲ Next.js 16.0.3
2025-11-28T06:43:24:    - Local:         http://localhost:3030
2025-11-28T06:43:24:    - Network:       http://72.61.110.69:3030
2025-11-28T06:43:24: 
2025-11-28T06:43:24:  ✓ Starting...
2025-11-28T06:43:24:  ✓ Ready in 479ms
2025-11-28T06:47:28:    ▲ Next.js 16.0.3
2025-11-28T06:47:28:    - Local:         http://localhost:3030
2025-11-28T06:47:28:    - Network:       http://72.61.110.69:3030
2025-11-28T06:47:28: 
2025-11-28T06:47:28:  ✓ Starting...
2025-11-28T06:47:28:  ✓ Ready in 496ms
2025-11-28T06:50:02:    ▲ Next.js 16.0.3
2025-11-28T06:50:02:    - Local:         http://localhost:3030
2025-11-28T06:50:02:    - Network:       http://72.61.110.69:3030
2025-11-28T06:50:02: 
2025-11-28T06:50:02:  ✓ Starting...
2025-11-28T06:50:02:  ✓ Ready in 541ms
2025-11-28T06:51:48:    ▲ Next.js 16.0.3
2025-11-28T06:51:48:    - Local:         http://localhost:3030
2025-11-28T06:51:48:    - Network:       http://72.61.110.69:3030
2025-11-28T06:51:48: 
2025-11-28T06:51:48:  ✓ Starting...
2025-11-28T06:51:49:  ✓ Ready in 476ms
2025-11-28T06:56:38:    ▲ Next.js 16.0.3
2025-11-28T06:56:38:    - Local:         http://localhost:3030
2025-11-28T06:56:38:    - Network:       http://72.61.110.69:3030
2025-11-28T06:56:38: 
2025-11-28T06:56:38:  ✓ Starting...
2025-11-28T06:56:38:  ✓ Ready in 488ms
2025-11-28T07:02:08:    ▲ Next.js 16.0.3
2025-11-28T07:02:08:    - Local:         http://localhost:3030
2025-11-28T07:02:08:    - Network:       http://72.61.110.69:3030
2025-11-28T07:02:08: 
2025-11-28T07:02:08:  ✓ Starting...
2025-11-28T07:02:09:  ✓ Ready in 536ms
2025-11-28T07:12:56:    ▲ Next.js 16.0.3
2025-11-28T07:12:56:    - Local:         http://localhost:3030
2025-11-28T07:12:56:    - Network:       http://72.61.110.69:3030
2025-11-28T07:12:56: 
2025-11-28T07:12:56:  ✓ Starting...
2025-11-28T07:12:56:  ✓ Ready in 513ms
2025-11-28T07:15:53:    ▲ Next.js 16.0.3
2025-11-28T07:15:53:    - Local:         http://localhost:3030
2025-11-28T07:15:53:    - Network:       http://72.61.110.69:3030
2025-11-28T07:15:53: 
2025-11-28T07:15:53:  ✓ Starting...
2025-11-28T07:15:53:  ✓ Ready in 485ms
2025-11-28T07:21:32:    ▲ Next.js 16.0.3
2025-11-28T07:21:32:    - Local:         http://localhost:3030
2025-11-28T07:21:32:    - Network:       http://72.61.110.69:3030
2025-11-28T07:21:32: 
2025-11-28T07:21:32:  ✓ Starting...
2025-11-28T07:21:32:  ✓ Ready in 483ms
2025-11-28T07:22:41:    ▲ Next.js 16.0.3
2025-11-28T07:22:41:    - Local:         http://localhost:3030
2025-11-28T07:22:41:    - Network:       http://72.61.110.69:3030
2025-11-28T07:22:41: 
2025-11-28T07:22:41:  ✓ Starting...
2025-11-28T07:22:42:  ✓ Ready in 553ms
2025-11-28T07:27:01:    ▲ Next.js 16.0.3
2025-11-28T07:27:01:    - Local:         http://localhost:3030
2025-11-28T07:27:01:    - Network:       http://72.61.110.69:3030
2025-11-28T07:27:01: 
2025-11-28T07:27:01:  ✓ Starting...
2025-11-28T07:27:01:  ✓ Ready in 505ms
