2025-11-28T02:16:27: Error fetching property: Error: API request failed: Not Found
    at g (.next/server/chunks/ssr/_65f83d46._.js:6:7441)
    at async i (.next/server/chunks/ssr/_65f83d46._.js:6:7682)
    at async n (.next/server/chunks/ssr/_65f83d46._.js:6:7969)
2025-11-28T03:42:28:  ⨯ The requested resource isn't a valid image for /placeholder-agent.jpg received null
2025-11-28T04:03:52:  ⨯ The requested resource isn't a valid image for /placeholder-agent.jpg received null
2025-11-28T04:18:21:  ⨯ The requested resource isn't a valid image for /placeholder-agent.jpg received null
2025-11-28T04:19:42:  ⨯ The requested resource isn't a valid image for /placeholder-agent.jpg received null
2025-11-28T04:24:46:  ⨯ The requested resource isn't a valid image for /placeholder-agent.jpg received null
2025-11-28T04:27:36:  ⨯ The requested resource isn't a valid image for /placeholder-agent.jpg received null
2025-11-28T04:47:19:  ⨯ The requested resource isn't a valid image for /placeholder-agent.jpg received null
2025-11-28T04:48:08:  ⨯ The requested resource isn't a valid image for /placeholder-agent.jpg received null
2025-11-28T04:48:41:  ⨯ The requested resource isn't a valid image for /placeholder-agent.jpg received null
2025-11-28T04:56:57:  ⨯ The requested resource isn't a valid image for /placeholder-agent.jpg received null
2025-11-28T05:05:10:  ⨯ The requested resource isn't a valid image for /placeholder-agent.jpg received null
2025-11-28T05:05:38:  ⨯ The requested resource isn't a valid image for /placeholder-agent.jpg received null
2025-11-28T05:08:44:  ⨯ The requested resource isn't a valid image for /placeholder-agent.jpg received null
2025-11-28T05:09:59:  ⨯ The requested resource isn't a valid image for /placeholder-agent.jpg received null
2025-11-28T05:10:23:  ⨯ The requested resource isn't a valid image for /placeholder-agent.jpg received null
2025-11-28T05:10:46:  ⨯ The requested resource isn't a valid image for /placeholder-agent.jpg received null
2025-11-28T05:12:35:  ⨯ The requested resource isn't a valid image for /placeholder-agent.jpg received null
2025-11-28T05:14:09:  ⨯ The requested resource isn't a valid image for /placeholder-agent.jpg received null
2025-11-28T05:16:01:  ⨯ The requested resource isn't a valid image for /placeholder-agent.jpg received null
2025-11-28T05:17:35:  ⨯ The requested resource isn't a valid image for /placeholder-agent.jpg received null
2025-11-28T05:17:50:  ⨯ The requested resource isn't a valid image for /placeholder-agent.jpg received null
2025-11-28T05:18:26:  ⨯ The requested resource isn't a valid image for /placeholder-agent.jpg received null
2025-11-28T05:21:20:  ⨯ The requested resource isn't a valid image for /placeholder-agent.jpg received null
2025-11-28T05:21:36:  ⨯ The requested resource isn't a valid image for /placeholder-agent.jpg received null
2025-11-28T05:21:49:  ⨯ The requested resource isn't a valid image for /placeholder-agent.jpg received null
2025-11-28T05:22:11:  ⨯ The requested resource isn't a valid image for /placeholder-agent.jpg received null
2025-11-28T05:22:23:  ⨯ The requested resource isn't a valid image for /placeholder-agent.jpg received null
2025-11-28T05:23:30:  ⨯ The requested resource isn't a valid image for /placeholder-agent.jpg received null
2025-11-28T05:24:38:  ⨯ The requested resource isn't a valid image for /placeholder-agent.jpg received null
2025-11-28T05:24:50:  ⨯ The requested resource isn't a valid image for /placeholder-agent.jpg received null
2025-11-28T05:26:50:  ⨯ The requested resource isn't a valid image for /placeholder-agent.jpg received null
